<?xml version="1.0" encoding="UTF-8"?>
<!-- Generated by org.testng.reporters.JUnitReportReporter -->
<testsuite hostname="LAPTOP-QUOMNJ5A" failures="0" tests="1" name="com.practiceTest.CkvenkyTest" time="0.008" errors="0" timestamp="01 Jun 2022 11:30:41 GMT" skipped="0">
  <testcase classname="com.practiceTest.CkvenkyTest" name="ckvenky" time="0.008"/>
</testsuite> <!-- com.practiceTest.CkvenkyTest -->
